2025-11-15 18:23:57,954 - INFO - NumExpr defaulting to 12 threads.
2025-11-15 18:27:39,491 - INFO - API called — Applying for java developer in pune
2025-11-15 18:27:39,492 - INFO - ====== WebDriver manager ======
2025-11-15 18:27:40,762 - INFO - Get LATEST chromedriver version for google-chrome
2025-11-15 18:27:40,893 - INFO - Get LATEST chromedriver version for google-chrome
2025-11-15 18:27:40,996 - INFO - Driver [C:\Users\vyasb\.wdm\drivers\chromedriver\win64\142.0.7444.162\chromedriver-win32/chromedriver.exe] found in cache
2025-11-15 18:47:54,867 - INFO - API called — Applying for java developer in pune
2025-11-15 18:47:54,881 - INFO - ====== WebDriver manager ======
2025-11-15 18:47:56,463 - INFO - Get LATEST chromedriver version for google-chrome
2025-11-15 18:47:56,564 - INFO - Get LATEST chromedriver version for google-chrome
2025-11-15 18:47:56,659 - INFO - Driver [C:\Users\vyasb\.wdm\drivers\chromedriver\win64\142.0.7444.162\chromedriver-win32/chromedriver.exe] found in cache
2025-11-15 18:49:31,838 - INFO - API called — Applying for react developer in pune
2025-11-15 18:49:31,838 - INFO - ====== WebDriver manager ======
2025-11-15 18:49:33,382 - INFO - Get LATEST chromedriver version for google-chrome
2025-11-15 18:49:33,506 - INFO - Get LATEST chromedriver version for google-chrome
2025-11-15 18:49:33,621 - INFO - Driver [C:\Users\vyasb\.wdm\drivers\chromedriver\win64\142.0.7444.162\chromedriver-win32/chromedriver.exe] found in cache
2025-11-15 21:05:51,926 - INFO - API called — Applying for python developer in mumbai
2025-11-15 21:05:51,939 - INFO - ====== WebDriver manager ======
2025-11-15 21:05:53,794 - INFO - Get LATEST chromedriver version for google-chrome
2025-11-15 21:05:53,924 - INFO - Get LATEST chromedriver version for google-chrome
2025-11-15 21:05:54,159 - INFO - Driver [C:\Users\vyasb\.wdm\drivers\chromedriver\win64\142.0.7444.162\chromedriver-win32/chromedriver.exe] found in cache
